<?xml version="1.0" encoding="UTF-8"?>
<!-- Generated by org.testng.reporters.JUnitXMLReporter -->
<testsuite ignored="0" hostname="Zainab_intern" failures="0" tests="4" name="Dynamic Web table handling testcase" time="12.192" errors="0" timestamp="2024-09-13T12:51:15 IST">
  <testcase classname="DynamicWebTableAutomation" name="verifyLastNameSorting" time="0.846"/>
  <testcase classname="DynamicWebTableAutomation" name="verifyFirstNameSorting" time="0.931"/>
  <testcase classname="DynamicWebTableAutomation" name="verifyEmailSorting" time="0.445"/>
  <testcase classname="DynamicWebTableAutomation" name="verifyDueSorting" time="0.457"/>
</testsuite> <!-- Dynamic Web table handling testcase -->
